Quotation Sanitation and Extraction of Politicians.
Date: 2021-10-28
Initial Number of Quotations: 234994989
Final Unique Number of Quotations: 24267018
Final Attributed Number of Quotations: 26034267
Final Number of Politicians: 18954
Time For Sanitation: 17965.18s
Time Total: 23539.28s
Output written to: /scratch/kuelz/quotations_political.parquet
Schema of output:

root
 |-- qid: string (nullable = true)
 |-- quoteID: string (nullable = true)
 |-- numOccurrences: long (nullable = true)
 |-- phase: string (nullable = true)
 |-- probas: array (nullable = true)
 |    |-- element: array (containsNull = true)
 |    |    |-- element: string (containsNull = true)
 |-- quotation: string (nullable = true)
 |-- speaker: string (nullable = true)
 |-- urls: array (nullable = true)
 |    |-- element: string (containsNull = true)
 |-- date: string (nullable = true)
 |-- year: integer (nullable = true)
 |-- month: integer (nullable = true)
 |-- domains: array (nullable = true)
 |    |-- element: string (containsNull = true)
 |-- domainCount: vector (nullable = true)


